
[2025-05-21 15:53:58,751: INFO: config: PyTorch version 2.5.1+cu121 available.]
[2025-05-21 15:54:23,505: INFO: main: >>>>>> stage Data Ingestion stage started <<<<<<]
[2025-05-21 15:54:23,513: INFO: common: yaml file: config/config.yaml loaded successfully]
[2025-05-21 15:54:23,519: INFO: common: yaml file: params.yaml loaded successfully]
[2025-05-21 15:54:23,522: INFO: common: created directory at: artifacts]
[2025-05-21 15:54:23,528: INFO: common: created directory at: artifacts/data_ingestion]
[2025-05-21 15:54:32,707: INFO: data_ingestion: artifacts/data_ingestion/data.zip download! with following info: 
Connection: close
Content-Length: 7903594
Cache-Control: max-age=300
Content-Security-Policy: default-src 'none'; style-src 'unsafe-inline'; sandbox
Content-Type: application/zip
ETag: "dbc016a060da18070593b83afff580c9b300f0b6ea4147a7988433e04df246ca"
Strict-Transport-Security: max-age=31536000
X-Content-Type-Options: nosniff
X-Frame-Options: deny
X-XSS-Protection: 1; mode=block
X-GitHub-Request-Id: C4ED:36846B:6B6A56:107545C:682DEBFC
Accept-Ranges: bytes
Date: Wed, 21 May 2025 15:54:26 GMT
Via: 1.1 varnish
X-Served-By: cache-hyd1100020-HYD
X-Cache: HIT
X-Cache-Hits: 0
X-Timer: S1747842867.698920,VS0,VE261
Vary: Authorization,Accept-Encoding,Origin
Access-Control-Allow-Origin: *
Cross-Origin-Resource-Policy: cross-origin
X-Fastly-Request-ID: 83eab1d3115265040b4bdccf937e66429f82f50b
Expires: Wed, 21 May 2025 15:59:26 GMT
Source-Age: 0

]
[2025-05-21 15:54:33,669: INFO: main: >>>>>> stage Data Ingestion stage completed <<<<<<

x==========x]
[2025-05-21 15:54:33,670: INFO: main: >>>>>> stage Data Validation stage started <<<<<<]
[2025-05-21 15:54:33,679: INFO: common: yaml file: config/config.yaml loaded successfully]
[2025-05-21 15:54:33,685: INFO: common: yaml file: params.yaml loaded successfully]
[2025-05-21 15:54:33,689: INFO: common: created directory at: artifacts]
[2025-05-21 15:54:33,694: INFO: common: created directory at: artifacts/data_validation]
[2025-05-21 15:54:33,724: INFO: main: >>>>>> stage Data Validation stage completed <<<<<<

x==========x]
[2025-05-21 15:54:33,725: INFO: main: >>>>>> stage Data Transformation stage started <<<<<<]
[2025-05-21 15:54:33,732: INFO: common: yaml file: config/config.yaml loaded successfully]
[2025-05-21 15:54:33,738: INFO: common: yaml file: params.yaml loaded successfully]
[2025-05-21 15:54:33,742: INFO: common: created directory at: artifacts]
[2025-05-21 15:54:33,747: INFO: common: created directory at: artifacts/data_transformation]
[2025-05-21 15:54:42,468: INFO: main: >>>>>> stage Data Transformation stage completed <<<<<<

x==========x]
[2025-05-21 15:54:42,470: INFO: main: *******************]
[2025-05-21 15:54:42,470: INFO: main: >>>>>> stage Model Trainer stage started <<<<<<]
[2025-05-21 15:54:42,478: INFO: common: yaml file: config/config.yaml loaded successfully]
[2025-05-21 15:54:42,484: INFO: common: yaml file: params.yaml loaded successfully]
[2025-05-21 15:54:42,487: INFO: common: created directory at: artifacts]
[2025-05-21 15:54:42,492: INFO: common: created directory at: artifacts/model_trainer]
[2025-05-21 16:07:12,334: INFO: main: >>>>>> stage Model Trainer stage completed <<<<<<

x==========x]
[2025-05-21 16:07:12,335: INFO: main: *******************]
[2025-05-21 16:07:12,335: INFO: main: >>>>>> stage Model Evaluation stage started <<<<<<]
[2025-05-21 16:07:12,343: INFO: common: yaml file: config/config.yaml loaded successfully]
[2025-05-21 16:07:12,349: INFO: common: yaml file: params.yaml loaded successfully]
[2025-05-21 16:07:12,353: INFO: common: created directory at: artifacts]
[2025-05-21 16:07:12,358: INFO: common: created directory at: artifacts/model_evaluation]
[2025-05-21 16:07:42,534: INFO: rouge_scorer: Using default tokenizer.]
[2025-05-21 16:07:42,993: INFO: main: >>>>>> stage Model Evaluation stage completed <<<<<<

x==========x]
[2025-05-21 18:03:32,813: INFO: config: PyTorch version 2.5.1+cu121 available.]
[2025-05-21 18:03:45,504: INFO: main: >>>>>> stage Data Ingestion stage started <<<<<<]
[2025-05-21 18:03:45,519: INFO: common: yaml file: config/config.yaml loaded successfully]
[2025-05-21 18:03:45,524: INFO: common: yaml file: params.yaml loaded successfully]
[2025-05-21 18:03:45,526: INFO: common: created directory at: artifacts]
[2025-05-21 18:03:45,529: INFO: common: created directory at: artifacts/data_ingestion]
[2025-05-21 18:03:55,855: INFO: data_ingestion: artifacts/data_ingestion/data.zip download! with following info: 
Connection: close
Content-Length: 7903594
Cache-Control: max-age=300
Content-Security-Policy: default-src 'none'; style-src 'unsafe-inline'; sandbox
Content-Type: application/zip
ETag: "dbc016a060da18070593b83afff580c9b300f0b6ea4147a7988433e04df246ca"
Strict-Transport-Security: max-age=31536000
X-Content-Type-Options: nosniff
X-Frame-Options: deny
X-XSS-Protection: 1; mode=block
X-GitHub-Request-Id: 398C:276D22:6CF8BA:10CDBBA:682E1585
Accept-Ranges: bytes
Date: Wed, 21 May 2025 18:03:49 GMT
Via: 1.1 varnish
X-Served-By: cache-hyd1100024-HYD
X-Cache: MISS
X-Cache-Hits: 0
X-Timer: S1747850629.144354,VS0,VE772
Vary: Authorization,Accept-Encoding,Origin
Access-Control-Allow-Origin: *
Cross-Origin-Resource-Policy: cross-origin
X-Fastly-Request-ID: 892851aa03635487e5b96cadbe191fd820ef0532
Expires: Wed, 21 May 2025 18:08:49 GMT
Source-Age: 0

]
[2025-05-21 18:03:56,349: INFO: main: >>>>>> stage Data Ingestion stage completed <<<<<<

x==========x]
[2025-05-21 18:03:56,350: INFO: main: >>>>>> stage Data Validation stage started <<<<<<]
[2025-05-21 18:03:56,354: INFO: common: yaml file: config/config.yaml loaded successfully]
[2025-05-21 18:03:56,358: INFO: common: yaml file: params.yaml loaded successfully]
[2025-05-21 18:03:56,361: INFO: common: created directory at: artifacts]
[2025-05-21 18:03:56,364: INFO: common: created directory at: artifacts/data_validation]
[2025-05-21 18:03:56,389: INFO: main: >>>>>> stage Data Validation stage completed <<<<<<

x==========x]
[2025-05-21 18:03:56,390: INFO: main: >>>>>> stage Data Transformation stage started <<<<<<]
[2025-05-21 18:03:56,394: INFO: common: yaml file: config/config.yaml loaded successfully]
[2025-05-21 18:03:56,398: INFO: common: yaml file: params.yaml loaded successfully]
[2025-05-21 18:03:56,401: INFO: common: created directory at: artifacts]
[2025-05-21 18:03:56,404: INFO: common: created directory at: artifacts/data_transformation]
[2025-05-21 18:04:01,944: INFO: main: >>>>>> stage Data Transformation stage completed <<<<<<

x==========x]
[2025-05-21 18:04:01,945: INFO: main: *******************]
[2025-05-21 18:04:01,945: INFO: main: >>>>>> stage Model Trainer stage started <<<<<<]
[2025-05-21 18:04:01,950: INFO: common: yaml file: config/config.yaml loaded successfully]
[2025-05-21 18:04:01,954: INFO: common: yaml file: params.yaml loaded successfully]
[2025-05-21 18:04:01,956: INFO: common: created directory at: artifacts]
[2025-05-21 18:04:01,958: INFO: common: created directory at: artifacts/model_trainer]
[2025-05-21 18:12:36,193: INFO: main: >>>>>> stage Model Trainer stage completed <<<<<<

x==========x]
[2025-05-21 18:12:36,194: INFO: main: *******************]
[2025-05-21 18:12:36,195: INFO: main: >>>>>> stage Model Evaluation stage started <<<<<<]
[2025-05-21 18:12:36,203: INFO: common: yaml file: config/config.yaml loaded successfully]
[2025-05-21 18:12:36,210: INFO: common: yaml file: params.yaml loaded successfully]
[2025-05-21 18:12:36,214: INFO: common: created directory at: artifacts]
[2025-05-21 18:12:36,218: INFO: common: created directory at: artifacts/model_evaluation]
[2025-05-21 18:13:06,812: INFO: rouge_scorer: Using default tokenizer.]
[2025-05-21 18:13:07,166: INFO: main: >>>>>> stage Model Evaluation stage completed <<<<<<

x==========x]
[2025-05-22 00:02:00,830: INFO: server: Started server process [33672]]
[2025-05-22 00:02:00,831: INFO: on: Waiting for application startup.]
[2025-05-22 00:02:00,832: INFO: on: Application startup complete.]
[2025-05-22 00:02:00,833: INFO: server: Uvicorn running on http://0.0.0.0:8080 (Press CTRL+C to quit)]
[2025-05-22 00:03:38,181: INFO: common: yaml file: config\config.yaml loaded successfully]
[2025-05-22 00:03:38,183: INFO: common: yaml file: params.yaml loaded successfully]
[2025-05-22 00:03:38,184: INFO: common: created directory at: artifacts]
[2025-05-22 00:03:38,185: INFO: common: created directory at: artifacts/model_evaluation]
[2025-05-22 00:04:50,059: INFO: common: yaml file: config\config.yaml loaded successfully]
[2025-05-22 00:04:50,062: INFO: common: yaml file: params.yaml loaded successfully]
[2025-05-22 00:04:50,063: INFO: common: created directory at: artifacts]
[2025-05-22 00:04:50,064: INFO: common: created directory at: artifacts/model_evaluation]
[2025-05-22 00:05:49,124: INFO: config: PyTorch version 2.7.0 available.]
[2025-05-22 00:05:51,809: INFO: server: Shutting down]
[2025-05-22 00:05:51,926: INFO: on: Waiting for application shutdown.]
[2025-05-22 00:05:51,928: INFO: on: Application shutdown complete.]
[2025-05-22 00:05:51,928: INFO: server: Finished server process [33672]]
[2025-05-22 02:52:49,889: INFO: server: Started server process [6380]]
[2025-05-22 02:52:49,890: INFO: on: Waiting for application startup.]
[2025-05-22 02:52:49,891: INFO: on: Application startup complete.]
[2025-05-22 02:52:49,891: INFO: server: Uvicorn running on http://0.0.0.0:8080 (Press CTRL+C to quit)]
[2025-05-22 02:53:50,988: INFO: server: Shutting down]
[2025-05-22 02:53:51,096: INFO: on: Waiting for application shutdown.]
[2025-05-22 02:53:51,097: INFO: on: Application shutdown complete.]
[2025-05-22 02:53:51,097: INFO: server: Finished server process [6380]]
[2025-05-22 02:55:06,373: INFO: server: Started server process [29552]]
[2025-05-22 02:55:06,373: INFO: on: Waiting for application startup.]
[2025-05-22 02:55:06,374: INFO: on: Application startup complete.]
[2025-05-22 02:56:59,105: INFO: common: yaml file: config\config.yaml loaded successfully]
[2025-05-22 02:56:59,107: INFO: common: yaml file: params.yaml loaded successfully]
[2025-05-22 02:56:59,107: INFO: common: created directory at: artifacts]
[2025-05-22 02:56:59,108: INFO: common: created directory at: artifacts/model_evaluation]
[2025-05-22 02:58:25,213: INFO: config: PyTorch version 2.7.0 available.]
[2025-05-22 02:58:27,038: INFO: main: >>>>>> stage Data Ingestion stage started <<<<<<]
[2025-05-22 02:58:27,041: INFO: common: yaml file: config\config.yaml loaded successfully]
[2025-05-22 02:58:27,043: INFO: common: yaml file: params.yaml loaded successfully]
[2025-05-22 02:58:27,043: INFO: common: created directory at: artifacts]
[2025-05-22 02:58:27,044: INFO: common: created directory at: artifacts/data_ingestion]
[2025-05-22 02:58:27,044: INFO: data_ingestion: File already exists of size: ~ 7718 KB]
[2025-05-22 02:58:27,161: INFO: main: >>>>>> stage Data Ingestion stage completed <<<<<<

x==========x]
[2025-05-22 02:58:27,162: INFO: main: >>>>>> stage Data Validation stage started <<<<<<]
[2025-05-22 02:58:27,164: INFO: common: yaml file: config\config.yaml loaded successfully]
[2025-05-22 02:58:27,165: INFO: common: yaml file: params.yaml loaded successfully]
[2025-05-22 02:58:27,166: INFO: common: created directory at: artifacts]
[2025-05-22 02:58:27,167: INFO: common: created directory at: artifacts/data_validation]
[2025-05-22 02:58:27,169: INFO: main: >>>>>> stage Data Validation stage completed <<<<<<

x==========x]
[2025-05-22 02:58:27,169: INFO: main: >>>>>> stage Data Transformation stage started <<<<<<]
[2025-05-22 02:58:27,174: INFO: common: yaml file: config\config.yaml loaded successfully]
[2025-05-22 02:58:27,175: INFO: common: yaml file: params.yaml loaded successfully]
[2025-05-22 02:58:27,176: INFO: common: created directory at: artifacts]
[2025-05-22 02:58:27,177: INFO: common: created directory at: artifacts/data_transformation]
[2025-05-22 02:58:30,571: INFO: main: >>>>>> stage Data Transformation stage completed <<<<<<

x==========x]
[2025-05-22 02:58:30,571: INFO: main: *******************]
[2025-05-22 02:58:30,571: INFO: main: >>>>>> stage Model Trainer stage started <<<<<<]
[2025-05-22 02:58:30,574: INFO: common: yaml file: config\config.yaml loaded successfully]
[2025-05-22 02:58:30,576: INFO: common: yaml file: params.yaml loaded successfully]
[2025-05-22 02:58:30,576: INFO: common: created directory at: artifacts]
[2025-05-22 02:58:30,578: INFO: common: created directory at: artifacts/model_trainer]
[2025-05-21 21:30:16,749: INFO: server: Started server process [12209]]
[2025-05-21 21:30:16,750: INFO: on: Waiting for application startup.]
[2025-05-21 21:30:16,750: INFO: on: Application startup complete.]
[2025-05-21 21:30:57,635: INFO: common: yaml file: config/config.yaml loaded successfully]
[2025-05-21 21:30:57,639: INFO: common: yaml file: params.yaml loaded successfully]
[2025-05-21 21:30:57,642: INFO: common: created directory at: artifacts]
[2025-05-21 21:30:57,647: INFO: common: created directory at: artifacts/model_evaluation]
[2025-05-21 21:32:28,603: INFO: common: yaml file: config/config.yaml loaded successfully]
[2025-05-21 21:32:28,607: INFO: common: yaml file: params.yaml loaded successfully]
[2025-05-21 21:32:28,610: INFO: common: created directory at: artifacts]
[2025-05-21 21:32:28,615: INFO: common: created directory at: artifacts/model_evaluation]
[2025-05-21 21:33:39,397: INFO: server: Shutting down]
[2025-05-21 21:33:44,501: INFO: server: Finished server process [12209]]
[2025-05-21 21:33:44,558: ERROR: on: Traceback (most recent call last):
  File "/mnt/c/Users/hp/Desktop/pytorch use/wsl-venv/lib/python3.12/site-packages/starlette/routing.py", line 638, in lifespan
    await receive()
  File "/mnt/c/Users/hp/Desktop/pytorch use/wsl-venv/lib/python3.12/site-packages/uvicorn/lifespan/on.py", line 137, in receive
    return await self.receive_queue.get()
           ^^^^^^^^^^^^^^^^^^^^^^^^^^^^^^
  File "/usr/lib/python3.12/asyncio/queues.py", line 158, in get
    await getter
asyncio.exceptions.CancelledError
]
[2025-06-19 17:43:32,204: INFO: config: PyTorch version 2.5.1+cu121 available.]
[2025-06-19 17:43:55,261: INFO: main: >>>>>> stage Data Ingestion stage started <<<<<<]
[2025-06-19 17:43:55,278: INFO: common: yaml file: config/config.yaml loaded successfully]
[2025-06-19 17:43:55,290: INFO: common: yaml file: params.yaml loaded successfully]
[2025-06-19 17:43:55,292: INFO: common: created directory at: artifacts]
[2025-06-19 17:43:55,297: INFO: common: created directory at: artifacts/data_ingestion]
[2025-06-19 17:43:55,302: INFO: data_ingestion: File already exists of size: ~ 7718 KB]
[2025-06-19 17:43:55,947: INFO: main: >>>>>> stage Data Ingestion stage completed <<<<<<

x==========x]
[2025-06-19 17:43:55,947: INFO: main: >>>>>> stage Data Validation stage started <<<<<<]
[2025-06-19 17:43:55,953: INFO: common: yaml file: config/config.yaml loaded successfully]
[2025-06-19 17:43:55,957: INFO: common: yaml file: params.yaml loaded successfully]
[2025-06-19 17:43:55,960: INFO: common: created directory at: artifacts]
[2025-06-19 17:43:55,964: INFO: common: created directory at: artifacts/data_validation]
[2025-06-19 17:43:55,994: INFO: main: >>>>>> stage Data Validation stage completed <<<<<<

x==========x]
[2025-06-19 17:43:55,994: INFO: main: >>>>>> stage Data Transformation stage started <<<<<<]
[2025-06-19 17:43:55,999: INFO: common: yaml file: config/config.yaml loaded successfully]
[2025-06-19 17:43:56,003: INFO: common: yaml file: params.yaml loaded successfully]
[2025-06-19 17:43:56,006: INFO: common: created directory at: artifacts]
[2025-06-19 17:43:56,010: INFO: common: created directory at: artifacts/data_transformation]
[2025-06-19 17:43:59,877: INFO: main: >>>>>> stage Data Transformation stage completed <<<<<<

x==========x]
[2025-06-19 17:43:59,878: INFO: main: *******************]
[2025-06-19 17:43:59,879: INFO: main: >>>>>> stage Model Trainer stage started <<<<<<]
[2025-06-19 17:43:59,884: INFO: common: yaml file: config/config.yaml loaded successfully]
[2025-06-19 17:43:59,888: INFO: common: yaml file: params.yaml loaded successfully]
[2025-06-19 17:43:59,890: INFO: common: created directory at: artifacts]
[2025-06-19 17:43:59,895: INFO: common: created directory at: artifacts/model_trainer]
[2025-06-19 17:52:41,081: INFO: main: >>>>>> stage Model Trainer stage completed <<<<<<

x==========x]
[2025-06-19 17:52:41,083: INFO: main: *******************]
[2025-06-19 17:52:41,084: INFO: main: >>>>>> stage Model Evaluation stage started <<<<<<]
[2025-06-19 17:52:41,090: INFO: common: yaml file: config/config.yaml loaded successfully]
[2025-06-19 17:52:41,093: INFO: common: yaml file: params.yaml loaded successfully]
[2025-06-19 17:52:41,095: INFO: common: created directory at: artifacts]
[2025-06-19 17:52:41,099: INFO: common: created directory at: artifacts/model_evaluation]
[2025-06-19 17:53:02,746: INFO: rouge_scorer: Using default tokenizer.]
[2025-06-19 17:53:03,043: INFO: main: >>>>>> stage Model Evaluation stage completed <<<<<<

x==========x]
[2025-06-19 18:01:50,603: INFO: server: Started server process [1130]]
[2025-06-19 18:01:50,604: INFO: on: Waiting for application startup.]
[2025-06-19 18:01:50,604: INFO: on: Application startup complete.]
[2025-06-19 18:02:40,624: INFO: common: yaml file: config/config.yaml loaded successfully]
[2025-06-19 18:02:40,629: INFO: common: yaml file: params.yaml loaded successfully]
[2025-06-19 18:02:40,632: INFO: common: created directory at: artifacts]
[2025-06-19 18:02:40,636: INFO: common: created directory at: artifacts/model_evaluation]
[2025-06-19 18:04:00,436: INFO: common: yaml file: config/config.yaml loaded successfully]
[2025-06-19 18:04:00,440: INFO: common: yaml file: params.yaml loaded successfully]
[2025-06-19 18:04:00,443: INFO: common: created directory at: artifacts]
[2025-06-19 18:04:00,447: INFO: common: created directory at: artifacts/model_evaluation]
[2025-06-19 18:04:57,561: INFO: common: yaml file: config/config.yaml loaded successfully]
[2025-06-19 18:04:57,565: INFO: common: yaml file: params.yaml loaded successfully]
[2025-06-19 18:04:57,569: INFO: common: created directory at: artifacts]
[2025-06-19 18:04:57,573: INFO: common: created directory at: artifacts/model_evaluation]
[2025-06-19 18:09:57,284: INFO: server: Shutting down]
[2025-06-19 18:09:57,387: INFO: on: Waiting for application shutdown.]
[2025-06-19 18:09:57,388: INFO: on: Application shutdown complete.]
[2025-06-19 18:09:57,389: INFO: server: Finished server process [1130]]
